08:45:30.707 INFO  Loading C:\Program Files (x86)\Steam\steamapps\sourcemods\mymod\maps\build.bsp
08:45:30.774 INFO  Using 'DStaticPropV6' for sprp version 6
08:45:30.781 WARN  Lump LUMP_CUBEMAPS is empty
08:45:30.790 WARN  Lump LUMP_DISPINFO is empty
08:45:30.793 WARN  Lump LUMP_DISP_VERTS is empty
08:45:30.795 WARN  Lump LUMP_DISP_TRIS is empty
08:45:30.796 WARN  Tried reading lump 'LUMP_DISP_MULTIBLEND', but it is not supported by the bsp's version
08:45:30.801 WARN  Lump LUMP_OVERLAY_SYSTEM_LEVELS is empty
08:45:30.804 INFO  BSP version: 20
08:45:30.806 INFO  Game: Half-Life 2
08:45:30.836 INFO  Equal amount of areaporal entities and areaportal brushes. Using 'Ordered' method
08:45:30.842 INFO  No occluders to reallocate...
08:45:30.888 INFO  173 (24.5%) exact brushside->origface matches
08:45:30.893 INFO  0/0 (nondisp/disp) original faces left after exact brushside->origface matching
08:45:30.909 INFO  19 (2.7%) partial brushside->origface matches
08:45:30.912 INFO  Writing brushes and planes
08:45:31.027 INFO  Writing displacements
08:45:31.028 INFO  Writing entities
08:45:31.033 INFO  Writing func_details
08:45:31.035 INFO  Writing info_overlays
08:45:31.037 INFO  Writing prop_statics
08:45:31.039 INFO  Writing env_cubemaps
08:45:31.040 INFO  Writing func_ladders
08:45:31.043 INFO  Finished decompiling C:\Program Files (x86)\Steam\steamapps\sourcemods\mymod\maps\build.bsp.



Using shader api: shaderapiempty.dll
materialPath: C:\Program Files (x86)\Steam\steamapps\common\Half-Life 2\hl2\materials
Loading c:\program files (x86)\steam\steamapps\sourcemods\mymod\maps\build_d.vmf
Could not locate 'GameData' key in c:\program files (x86)\steam\steamapps\common\half-life 2\hl2\gameinfo.txt
fixing up env_cubemap materials on brush sides...
0...1...2...3...4...5...6...7...8...9...100...1...2...3...4...5...6...7...8...9...10Processing areas...Wrote c:\program files (x86)\steam\steamapps\sourcemods\mymod\maps\build_d.lin
Areaportal leak ! File: c:\program files (x86)\steam\steamapps\sourcemods\mymod\maps\build_d.lin 
Brush 760: areaportal brush doesn't touch two areas
done (0)
Building Faces...done (0)
FixTjuncs...
PruneNodes...
WriteBSP...
done (0)
writing c:\program files (x86)\steam\steamapps\sourcemods\mymod\maps\build_d.prt...Building visibility clusters...
done (0)
Creating default LDR cubemaps for env_cubemap using skybox materials:
   skybox/sky_borealis01*.vmt
 ! Run buildcubemaps in the engine to get the correct cube maps.
Creating default HDR cubemaps for env_cubemap using skybox materials:
   skybox/sky_borealis01*.vmt
 ! Run buildcubemaps in the engine to get the correct cube maps.
Finding displacement neighbors...
Finding lightmap sample positions...
Displacement Alpha : 0...1...2...3...4...5...6...7...8...9...10
Building Physics collision data...
done (0) (37791 bytes)
Placing detail props : 0...1...2...3...4...5...6...7...8...9...10
Compacting texture/material tables...
Reduced 68 texinfos to 48
Reduced 26 texdatas to 26 (597 bytes to 597)
Writing c:\program files (x86)\steam\steamapps\sourcemods\mymod\maps\build_d.bsp
0 seconds elapsed



8 threads
reading c:\program files (x86)\steam\steamapps\sourcemods\mymod\maps\build_d.bsp
reading c:\program files (x86)\steam\steamapps\sourcemods\mymod\maps\build_d.prt
  81 portalclusters
 166 numportals
0...1...2...3...4...5...6...7...8...9...100...1...2...3...4...5...6...7...8...9...10Optimized: 5 visible clusters (0.13%)
Total clusters visible: 3862
Average clusters visible: 47
Building PAS...
Average clusters audible: 79
visdatasize:2475  compressed from 2592
writing c:\program files (x86)\steam\steamapps\sourcemods\mymod\maps\build_d.bsp
0 seconds elapsed



[Reading texlights from 'lights.rad']
[45 texlights parsed from 'lights.rad']

Loading c:\program files (x86)\steam\steamapps\sourcemods\mymod\maps\build_d.bsp
361 faces
47362 square feet [6820137.00 square inches]
0 Displacements
0 Square Feet [0.00 Square Inches]
361 patches before subdivision
6473 patches after subdivision
10 direct lights
0...1...2...3...4...5...6...7...8...9...100...1...2...3...4...5...6...7...8...9...10transfers 622346, max 321
transfer lists:   4.7 megs
0...1...2...3...4...5...6...7...8...9...10	Bounce #1 added RGB(2547, 3980, 189)
0...1...2...3...4...5...6...7...8...9...10	Bounce #2 added RGB(908, 1360, 25)
0...1...2...3...4...5...6...7...8...9...10	Bounce #3 added RGB(377, 540, 6)
0...1...2...3...4...5...6...7...8...9...10	Bounce #4 added RGB(145, 201, 2)
0...1...2...3...4...5...6...7...8...9...10	Bounce #5 added RGB(58, 78, 1)
0...1...2...3...4...5...6...7...8...9...10	Bounce #6 added RGB(23, 29, 0)
0...1...2...3...4...5...6...7...8...9...10	Bounce #7 added RGB(9, 11, 0)
0...1...2...3...4...5...6...7...8...9...10	Bounce #8 added RGB(4, 4, 0)
0...1...2...3...4...5...6...7...8...9...10	Bounce #9 added RGB(1, 2, 0)
0...1...2...3...4...5...6...7...8...9...10	Bounce #10 added RGB(1, 1, 0)
Build Patch/Sample Hash Table(s).....Done<0.0011 sec>
0...1...2...3...4...5...6...7...8...9...10FinalLightFace Done
0 of 0 (0% of) surface lights went in leaf ambient cubes.
0...1...2...3...4...5...6...7...8...9...10Writing leaf ambient...done
Ready to Finish

Object names       Objects/Maxobjs  Memory / Maxmem  Fullness 
------------       ---------------  ---------------  -------- 
models                   1/1024           48/49152    ( 0.1%) 
brushes                112/8192         1344/98304    ( 1.4%) 
brushsides             715/65536        5720/524288   ( 1.1%) 
planes                 284/65536        5680/1310720  ( 0.4%) 
vertexes               640/65536        7680/786432   ( 1.0%) 
nodes                  192/65536        6144/2097152  ( 0.3%) 
texinfos                48/12288        3456/884736   ( 0.4%) 
texdata                 26/2048          832/65536    ( 1.3%) 
dispinfos                0/0               0/0        ( 0.0%) 
disp_verts               0/0               0/0        ( 0.0%) 
disp_tris                0/0               0/0        ( 0.0%) 
disp_lmsamples           0/0               0/0        ( 0.0%) 
faces                  361/65536       20216/3670016  ( 0.6%) 
hdr faces                0/65536           0/3670016  ( 0.0%) 
origfaces              176/65536        9856/3670016  ( 0.3%) 
leaves                 194/65536        6208/2097152  ( 0.3%) 
leaffaces              408/65536         816/131072   ( 0.6%) 
leafbrushes            242/65536         484/131072   ( 0.4%) 
areas                    2/256            16/2048     ( 0.8%) 
surfedges             2367/512000       9468/2048000  ( 0.5%) 
edges                 1473/256000       5892/1024000  ( 0.6%) 
LDR worldlights         10/8192          880/720896   ( 0.1%) 
HDR worldlights          0/8192            0/720896   ( 0.0%) 
leafwaterdata            0/32768           0/393216   ( 0.0%) 
waterstrips             36/32768         360/327680   ( 0.1%) 
waterverts               0/65536           0/786432   ( 0.0%) 
waterindices           540/65536        1080/131072   ( 0.8%) 
cubemapsamples           0/1024            0/16384    ( 0.0%) 
overlays                 5/512          1760/180224   ( 1.0%) 
LDR lightdata         [variable]      293648/0        ( 0.0%) 
HDR lightdata         [variable]           0/0        ( 0.0%) 
visdata               [variable]        2475/16777216 ( 0.0%) 
entdata               [variable]        8681/393216   ( 2.2%) 
LDR ambient table      194/65536         776/262144   ( 0.3%) 
HDR ambient table      194/65536         776/262144   ( 0.3%) 
LDR leaf ambient       682/65536       19096/1835008  ( 1.0%) 
HDR leaf ambient       194/65536        5432/1835008  ( 0.3%) 
occluders                0/0               0/0        ( 0.0%) 
occluder polygons        0/0               0/0        ( 0.0%) 
occluder vert ind        0/0               0/0        ( 0.0%) 
detail props          [variable]           1/12       ( 8.3%) 
static props          [variable]           1/1660     ( 0.1%) 
pakfile               [variable]       86738/0        ( 0.0%) 
physics               [variable]       37791/4194304  ( 0.9%) 
physics terrain       [variable]           2/1048576  ( 0.0%) 

Level flags = 0

Total triangle count: 943
Writing c:\program files (x86)\steam\steamapps\sourcemods\mymod\maps\build_d.bsp
0 seconds elapsed



Using shader api: shaderapiempty.dll
materialPath: C:\Program Files (x86)\Steam\steamapps\common\Half-Life 2\hl2\materials
Loading c:\program files (x86)\steam\steamapps\sourcemods\mymod\maps\build_d.vmf
Could not locate 'GameData' key in c:\program files (x86)\steam\steamapps\common\half-life 2\hl2\gameinfo.txt
fixing up env_cubemap materials on brush sides...
0...1...2...3...4...5...6...7...8...9...100...1...2...3...4...5...6...7...8...9...10Processing areas...Wrote c:\program files (x86)\steam\steamapps\sourcemods\mymod\maps\build_d.lin
Areaportal leak ! File: c:\program files (x86)\steam\steamapps\sourcemods\mymod\maps\build_d.lin 
Brush 760: areaportal brush doesn't touch two areas
done (0)
Building Faces...done (0)
FixTjuncs...
PruneNodes...
WriteBSP...
done (0)
writing c:\program files (x86)\steam\steamapps\sourcemods\mymod\maps\build_d.prt...Building visibility clusters...
done (0)
Creating default LDR cubemaps for env_cubemap using skybox materials:
   skybox/sky_borealis01*.vmt
 ! Run buildcubemaps in the engine to get the correct cube maps.
Creating default HDR cubemaps for env_cubemap using skybox materials:
   skybox/sky_borealis01*.vmt
 ! Run buildcubemaps in the engine to get the correct cube maps.
Finding displacement neighbors...
Finding lightmap sample positions...
Displacement Alpha : 0...1...2...3...4...5...6...7...8...9...10
Building Physics collision data...
done (0) (37791 bytes)
Placing detail props : 0...1...2...3...4...5...6...7...8...9...10
Compacting texture/material tables...
Reduced 68 texinfos to 48
Reduced 26 texdatas to 26 (597 bytes to 597)
Writing c:\program files (x86)\steam\steamapps\sourcemods\mymod\maps\build_d.bsp
0 seconds elapsed



8 threads
reading c:\program files (x86)\steam\steamapps\sourcemods\mymod\maps\build_d.bsp
reading c:\program files (x86)\steam\steamapps\sourcemods\mymod\maps\build_d.prt
  81 portalclusters
 166 numportals
0...1...2...3...4...5...6...7...8...9...100...1...2...3...4...5...6...7...8...9...10Optimized: 5 visible clusters (0.13%)
Total clusters visible: 3862
Average clusters visible: 47
Building PAS...
Average clusters audible: 79
visdatasize:2475  compressed from 2592
writing c:\program files (x86)\steam\steamapps\sourcemods\mymod\maps\build_d.bsp
0 seconds elapsed



[Reading texlights from 'lights.rad']
[45 texlights parsed from 'lights.rad']

Loading c:\program files (x86)\steam\steamapps\sourcemods\mymod\maps\build_d.bsp
361 faces
47362 square feet [6820137.00 square inches]
0 Displacements
0 Square Feet [0.00 Square Inches]
361 patches before subdivision
6473 patches after subdivision
10 direct lights
0...1...2...3...4...5...6...7...8...9...100...1...2...3...4...5...6...7...8...9...10transfers 622346, max 321
transfer lists:   4.7 megs
0...1...2...3...4...5...6...7...8...9...10	Bounce #1 added RGB(2547, 3980, 189)
0...1...2...3...4...5...6...7...8...9...10	Bounce #2 added RGB(908, 1360, 25)
0...1...2...3...4...5...6...7...8...9...10	Bounce #3 added RGB(377, 540, 6)
0...1...2...3...4...5...6...7...8...9...10	Bounce #4 added RGB(145, 201, 2)
0...1...2...3...4...5...6...7...8...9...10	Bounce #5 added RGB(58, 78, 1)
0...1...2...3...4...5...6...7...8...9...10	Bounce #6 added RGB(23, 29, 0)
0...1...2...3...4...5...6...7...8...9...10	Bounce #7 added RGB(9, 11, 0)
0...1...2...3...4...5...6...7...8...9...10	Bounce #8 added RGB(4, 4, 0)
0...1...2...3...4...5...6...7...8...9...10	Bounce #9 added RGB(1, 2, 0)
0...1...2...3...4...5...6...7...8...9...10	Bounce #10 added RGB(1, 1, 0)
Build Patch/Sample Hash Table(s).....Done<0.0011 sec>
0...1...2...3...4...5...6...7...8...9...10FinalLightFace Done
0 of 0 (0% of) surface lights went in leaf ambient cubes.
0...1...2...3...4...5...6...7...8...9...10Writing leaf ambient...done
Ready to Finish

Object names       Objects/Maxobjs  Memory / Maxmem  Fullness 
------------       ---------------  ---------------  -------- 
models                   1/1024           48/49152    ( 0.1%) 
brushes                112/8192         1344/98304    ( 1.4%) 
brushsides             715/65536        5720/524288   ( 1.1%) 
planes                 284/65536        5680/1310720  ( 0.4%) 
vertexes               640/65536        7680/786432   ( 1.0%) 
nodes                  192/65536        6144/2097152  ( 0.3%) 
texinfos                48/12288        3456/884736   ( 0.4%) 
texdata                 26/2048          832/65536    ( 1.3%) 
dispinfos                0/0               0/0        ( 0.0%) 
disp_verts               0/0               0/0        ( 0.0%) 
disp_tris                0/0               0/0        ( 0.0%) 
disp_lmsamples           0/0               0/0        ( 0.0%) 
faces                  361/65536       20216/3670016  ( 0.6%) 
hdr faces                0/65536           0/3670016  ( 0.0%) 
origfaces              176/65536        9856/3670016  ( 0.3%) 
leaves                 194/65536        6208/2097152  ( 0.3%) 
leaffaces              408/65536         816/131072   ( 0.6%) 
leafbrushes            242/65536         484/131072   ( 0.4%) 
areas                    2/256            16/2048     ( 0.8%) 
surfedges             2367/512000       9468/2048000  ( 0.5%) 
edges                 1473/256000       5892/1024000  ( 0.6%) 
LDR worldlights         10/8192          880/720896   ( 0.1%) 
HDR worldlights          0/8192            0/720896   ( 0.0%) 
leafwaterdata            0/32768           0/393216   ( 0.0%) 
waterstrips             36/32768         360/327680   ( 0.1%) 
waterverts               0/65536           0/786432   ( 0.0%) 
waterindices           540/65536        1080/131072   ( 0.8%) 
cubemapsamples           0/1024            0/16384    ( 0.0%) 
overlays                 5/512          1760/180224   ( 1.0%) 
LDR lightdata         [variable]      293648/0        ( 0.0%) 
HDR lightdata         [variable]           0/0        ( 0.0%) 
visdata               [variable]        2475/16777216 ( 0.0%) 
entdata               [variable]        8680/393216   ( 2.2%) 
LDR ambient table      194/65536         776/262144   ( 0.3%) 
HDR ambient table      194/65536         776/262144   ( 0.3%) 
LDR leaf ambient       682/65536       19096/1835008  ( 1.0%) 
HDR leaf ambient       194/65536        5432/1835008  ( 0.3%) 
occluders                0/0               0/0        ( 0.0%) 
occluder polygons        0/0               0/0        ( 0.0%) 
occluder vert ind        0/0               0/0        ( 0.0%) 
detail props          [variable]           1/12       ( 8.3%) 
static props          [variable]           1/1660     ( 0.1%) 
pakfile               [variable]       86738/0        ( 0.0%) 
physics               [variable]       37791/4194304  ( 0.9%) 
physics terrain       [variable]           2/1048576  ( 0.0%) 

Level flags = 0

Total triangle count: 943
Writing c:\program files (x86)\steam\steamapps\sourcemods\mymod\maps\build_d.bsp
0 seconds elapsed



Using shader api: shaderapiempty.dll
materialPath: C:\Program Files (x86)\Steam\steamapps\common\Half-Life 2\hl2\materials
Loading c:\program files (x86)\steam\steamapps\sourcemods\mymod\maps\build_d.vmf
Could not locate 'GameData' key in c:\program files (x86)\steam\steamapps\common\half-life 2\hl2\gameinfo.txt
fixing up env_cubemap materials on brush sides...
0...1...2...3...4...5...6...7...8...9...100...1...2...3...4...5...6...7...8...9...10Processing areas...Wrote c:\program files (x86)\steam\steamapps\sourcemods\mymod\maps\build_d.lin
Areaportal leak ! File: c:\program files (x86)\steam\steamapps\sourcemods\mymod\maps\build_d.lin 
Brush 760: areaportal brush doesn't touch two areas
done (0)
Building Faces...done (0)
FixTjuncs...
PruneNodes...
WriteBSP...
done (0)
writing c:\program files (x86)\steam\steamapps\sourcemods\mymod\maps\build_d.prt...Building visibility clusters...
done (0)
Creating default LDR cubemaps for env_cubemap using skybox materials:
   skybox/sky_borealis01*.vmt
 ! Run buildcubemaps in the engine to get the correct cube maps.
Creating default HDR cubemaps for env_cubemap using skybox materials:
   skybox/sky_borealis01*.vmt
 ! Run buildcubemaps in the engine to get the correct cube maps.
Finding displacement neighbors...
Finding lightmap sample positions...
Displacement Alpha : 0...1...2...3...4...5...6...7...8...9...10
Building Physics collision data...
done (0) (37791 bytes)
Placing detail props : 0...1...2...3...4...5...6...7...8...9...10
Compacting texture/material tables...
Reduced 68 texinfos to 48
Reduced 26 texdatas to 26 (597 bytes to 597)
Writing c:\program files (x86)\steam\steamapps\sourcemods\mymod\maps\build_d.bsp
0 seconds elapsed



8 threads
reading c:\program files (x86)\steam\steamapps\sourcemods\mymod\maps\build_d.bsp
reading c:\program files (x86)\steam\steamapps\sourcemods\mymod\maps\build_d.prt
  81 portalclusters
 166 numportals
0...1...2...3...4...5...6...7...8...9...100...1...2...3...4...5...6...7...8...9...10Optimized: 5 visible clusters (0.13%)
Total clusters visible: 3862
Average clusters visible: 47
Building PAS...
Average clusters audible: 79
visdatasize:2475  compressed from 2592
writing c:\program files (x86)\steam\steamapps\sourcemods\mymod\maps\build_d.bsp
0 seconds elapsed



[Reading texlights from 'lights.rad']
[45 texlights parsed from 'lights.rad']

Loading c:\program files (x86)\steam\steamapps\sourcemods\mymod\maps\build_d.bsp
361 faces
47362 square feet [6820137.00 square inches]
0 Displacements
0 Square Feet [0.00 Square Inches]
361 patches before subdivision
6473 patches after subdivision
10 direct lights
0...1...2...3...4...5...6...7...8...9...100...1...2...3...4...5...6...7...8...9...10transfers 622346, max 321
transfer lists:   4.7 megs
0...1...2...3...4...5...6...7...8...9...10	Bounce #1 added RGB(2547, 3980, 189)
0...1...2...3...4...5...6...7...8...9...10	Bounce #2 added RGB(908, 1360, 25)
0...1...2...3...4...5...6...7...8...9...10	Bounce #3 added RGB(377, 540, 6)
0...1...2...3...4...5...6...7...8...9...10	Bounce #4 added RGB(145, 201, 2)
0...1...2...3...4...5...6...7...8...9...10	Bounce #5 added RGB(58, 78, 1)
0...1...2...3...4...5...6...7...8...9...10	Bounce #6 added RGB(23, 29, 0)
0...1...2...3...4...5...6...7...8...9...10	Bounce #7 added RGB(9, 11, 0)
0...1...2...3...4...5...6...7...8...9...10	Bounce #8 added RGB(4, 4, 0)
0...1...2...3...4...5...6...7...8...9...10	Bounce #9 added RGB(1, 2, 0)
0...1...2...3...4...5...6...7...8...9...10	Bounce #10 added RGB(1, 1, 0)
Build Patch/Sample Hash Table(s).....Done<0.0011 sec>
0...1...2...3...4...5...6...7...8...9...10FinalLightFace Done
0 of 0 (0% of) surface lights went in leaf ambient cubes.
0...1...2...3...4...5...6...7...8...9...10Writing leaf ambient...done
Ready to Finish

Object names       Objects/Maxobjs  Memory / Maxmem  Fullness 
------------       ---------------  ---------------  -------- 
models                   1/1024           48/49152    ( 0.1%) 
brushes                112/8192         1344/98304    ( 1.4%) 
brushsides             715/65536        5720/524288   ( 1.1%) 
planes                 284/65536        5680/1310720  ( 0.4%) 
vertexes               640/65536        7680/786432   ( 1.0%) 
nodes                  192/65536        6144/2097152  ( 0.3%) 
texinfos                48/12288        3456/884736   ( 0.4%) 
texdata                 26/2048          832/65536    ( 1.3%) 
dispinfos                0/0               0/0        ( 0.0%) 
disp_verts               0/0               0/0        ( 0.0%) 
disp_tris                0/0               0/0        ( 0.0%) 
disp_lmsamples           0/0               0/0        ( 0.0%) 
faces                  361/65536       20216/3670016  ( 0.6%) 
hdr faces                0/65536           0/3670016  ( 0.0%) 
origfaces              176/65536        9856/3670016  ( 0.3%) 
leaves                 194/65536        6208/2097152  ( 0.3%) 
leaffaces              408/65536         816/131072   ( 0.6%) 
leafbrushes            242/65536         484/131072   ( 0.4%) 
areas                    2/256            16/2048     ( 0.8%) 
surfedges             2367/512000       9468/2048000  ( 0.5%) 
edges                 1473/256000       5892/1024000  ( 0.6%) 
LDR worldlights         10/8192          880/720896   ( 0.1%) 
HDR worldlights          0/8192            0/720896   ( 0.0%) 
leafwaterdata            0/32768           0/393216   ( 0.0%) 
waterstrips             36/32768         360/327680   ( 0.1%) 
waterverts               0/65536           0/786432   ( 0.0%) 
waterindices           540/65536        1080/131072   ( 0.8%) 
cubemapsamples           0/1024            0/16384    ( 0.0%) 
overlays                 5/512          1760/180224   ( 1.0%) 
LDR lightdata         [variable]      293648/0        ( 0.0%) 
HDR lightdata         [variable]           0/0        ( 0.0%) 
visdata               [variable]        2475/16777216 ( 0.0%) 
entdata               [variable]        8699/393216   ( 2.2%) 
LDR ambient table      194/65536         776/262144   ( 0.3%) 
HDR ambient table      194/65536         776/262144   ( 0.3%) 
LDR leaf ambient       682/65536       19096/1835008  ( 1.0%) 
HDR leaf ambient       194/65536        5432/1835008  ( 0.3%) 
occluders                0/0               0/0        ( 0.0%) 
occluder polygons        0/0               0/0        ( 0.0%) 
occluder vert ind        0/0               0/0        ( 0.0%) 
detail props          [variable]           1/12       ( 8.3%) 
static props          [variable]           1/1660     ( 0.1%) 
pakfile               [variable]       86738/0        ( 0.0%) 
physics               [variable]       37791/4194304  ( 0.9%) 
physics terrain       [variable]           2/1048576  ( 0.0%) 

Level flags = 0

Total triangle count: 943
Writing c:\program files (x86)\steam\steamapps\sourcemods\mymod\maps\build_d.bsp
0 seconds elapsed
