PRT1
157
299
4 0 96 (1120 0 144 ) (1120 0 304 ) (1024 0 304 ) (1024 0 144 ) 
4 0 21 (1024 0 144 ) (1024 0 304 ) (1024 160 304 ) (1024 160 144 ) 
4 1 3 (832 1024 200 ) (624 1024 200 ) (624 1024 32 ) (832 1024 32 ) 
4 1 2 (1024 1024 32 ) (1024 1024 200 ) (832 1024 200 ) (832 1024 32 ) 
4 2 3 (832 576 200 ) (832 1024 200 ) (832 1024 32 ) (832 576 32 ) 
4 3 4 (624 576 32 ) (624 512 32 ) (624 512 132 ) (624 576 132 ) 
4 4 5 (592 512 32 ) (592 512 132 ) (592 576 132 ) (592 576 32 ) 
4 5 18 (592 384 32 ) (592 384 140.279999 ) (432 384 140.279999 ) (432 384 32 ) 
4 5 7 (432 688 140 ) (432 688 32 ) (432 528 32 ) (432 528 140 ) 
4 5 6 (432 688 160 ) (432 688 140 ) (432 528 140 ) (432 528 160 ) 
4 6 7 (432 528 140 ) (424 528 140 ) (424 688 140 ) (432 688 140 ) 
4 7 8 (424 559.983032 140 ) (424 656 140 ) (424 656 32 ) (424 559.983032 32 ) 
4 8 9 (400 656 32 ) (400 559.983032 32 ) (400 559.983032 140 ) (400 656 140 ) 
4 9 53 (0 448 32 ) (0 448 512 ) (0 722 512 ) (0 722 32 ) 
4 9 14 (32 448 480 ) (32 448 32 ) (96 448 32 ) (96 448 480 ) 
4 9 13 (160 448 200 ) (160 448 32 ) (224 448 32 ) (224 448 200 ) 
4 9 10 (160 448 480 ) (160 448 200 ) (224 448 200 ) (224 448 480 ) 
4 10 13 (160 416 200 ) (160 448 200 ) (224 448 200 ) (224 416 200 ) 
4 10 11 (160 408 200 ) (224 408 200 ) (224 408 480 ) (160 408 480 ) 
4 11 12 (160 392 200 ) (224 392 200 ) (224 392 480 ) (160 392 480 ) 
4 12 49 (224 384 200 ) (224 384 480 ) (160 384 480 ) (160 384 200 ) 
4 14 15 (96 416 200 ) (96 416 480 ) (32 416 480 ) (32 416 200 ) 
4 15 16 (32 408 200 ) (96 408 200 ) (96 408 480 ) (32 408 480 ) 
4 16 17 (32 392 200 ) (96 392 200 ) (96 392 480 ) (32 392 480 ) 
4 17 50 (96 384 200 ) (96 384 480 ) (32 384 480 ) (32 384 200 ) 
4 18 19 (464 376 32 ) (560.017029 376 32 ) (560.017029 376 140.279999 ) (464 376 140.279999 ) 
4 19 20 (464 360 32 ) (560.017029 360 32 ) (560.017029 360 140.279999 ) (464 360 140.279999 ) 
4 20 29 (592 352 32 ) (592 352 140 ) (432 352 140 ) (432 352 32 ) 
4 20 28 (592 352 140 ) (592 352 140.279999 ) (432 352 140.279999 ) (432 352 140 ) 
4 21 97 (1024 0 144 ) (1024 0 304 ) (928 0 304 ) (928 0 144 ) 
4 21 24 (928 0 144 ) (928 0 252 ) (928 144 252 ) (928 144 144 ) 
4 21 22 (928 0 252 ) (928 0 267 ) (928 144 267 ) (928 144 252 ) 
4 22 98 (928 0 252 ) (928 0 267 ) (920 0 267 ) (920 0 252 ) 
4 22 24 (920 144 252 ) (928 144 252 ) (928 0 252 ) (920 0 252 ) 
4 23 99 (904 0 267 ) (896 0 267 ) (896 0 252 ) (904 0 252 ) 
4 23 27 (896 0 252 ) (896 0 267 ) (896 144 267 ) (896 144 252 ) 
4 23 26 (896 0 252 ) (896 144 252 ) (904 144 252 ) (904 0 252 ) 
4 24 100 (928 0 144 ) (928 0 252 ) (920 0 252 ) (920 0 144 ) 
4 24 25 (920 112 144 ) (920 15.983100 144 ) (920 15.983100 252 ) (920 112 252 ) 
4 25 26 (904 112 144 ) (904 15.983100 144 ) (904 15.983100 252 ) (904 112 252 ) 
4 26 101 (904 0 252 ) (896 0 252 ) (896 0 144 ) (904 0 144 ) 
4 26 27 (896 0 144 ) (896 0 252 ) (896 144 252 ) (896 144 144 ) 
4 27 102 (896 0 144 ) (896 0 512 ) (640 0 512 ) (640 0 144 ) 
4 27 28 (640 352 512 ) (640 352 144 ) (640 0 144 ) (640 0 512 ) 
4 28 103 (640 0 140 ) (640 0 512 ) (384 0 512 ) (384 0 140 ) 
4 28 40 (384 32 140 ) (384 0 140 ) (384 0 480 ) (384 32 480 ) 
4 28 38 (384 160 140 ) (384 96 140 ) (384 96 176 ) (384 160 176 ) 
4 28 35 (384 160 480 ) (384 160 176 ) (384 96 176 ) (384 96 480 ) 
4 28 33 (384 288 140 ) (384 224 140 ) (384 224 176 ) (384 288 176 ) 
4 28 30 (384 288 176 ) (384 224 176 ) (384 224 480 ) (384 288 480 ) 
4 28 29 (384 0 140 ) (384 352 140 ) (640 352 140 ) (640 0 140 ) 
4 29 104 (640 0 32 ) (640 0 140 ) (384 0 140 ) (384 0 32 ) 
4 29 41 (384 32 32 ) (384 0 32 ) (384 0 140 ) (384 32 140 ) 
4 29 39 (384 160 32 ) (384 96 32 ) (384 96 140 ) (384 160 140 ) 
4 29 34 (384 288 32 ) (384 224 32 ) (384 224 140 ) (384 288 140 ) 
4 30 33 (384 224 176 ) (352 224 176 ) (352 288 176 ) (384 288 176 ) 
4 30 31 (344 224 480 ) (344 288 480 ) (344 288 176 ) (344 224 176 ) 
4 31 32 (328 224 480 ) (328 288 480 ) (328 288 176 ) (328 224 176 ) 
4 32 51 (320 288 176 ) (320 224 176 ) (320 224 480 ) (320 288 480 ) 
4 33 34 (384 224 140 ) (352 224 140 ) (352 288 140 ) (384 288 140 ) 
4 35 38 (352 160 176 ) (384 160 176 ) (384 96 176 ) (352 96 176 ) 
4 35 36 (344 160 176 ) (344 96 176 ) (344 96 480 ) (344 160 480 ) 
4 36 37 (328 160 176 ) (328 96 176 ) (328 96 480 ) (328 160 480 ) 
4 37 51 (320 160 480 ) (320 160 176 ) (320 96 176 ) (320 96 480 ) 
4 38 39 (384 96 140 ) (352 96 140 ) (352 160 140 ) (384 160 140 ) 
4 40 105 (384 0 140 ) (384 0 480 ) (352 0 480 ) (352 0 140 ) 
4 40 42 (352 32 480 ) (352 32 176 ) (352 0 176 ) (352 0 480 ) 
4 40 41 (352 0 140 ) (352 32 140 ) (384 32 140 ) (384 0 140 ) 
4 41 106 (384 0 32 ) (384 0 140 ) (352 0 140 ) (352 0 32 ) 
4 42 107 (344 0 176 ) (352 0 176 ) (352 0 480 ) (344 0 480 ) 
4 42 43 (344 32 176 ) (344 0 176 ) (344 0 312 ) (344 32 312 ) 
4 42 45 (344 0 312 ) (344 0 480 ) (344 32 480 ) (344 32 312 ) 
4 43 108 (328 0 176 ) (344 0 176 ) (344 0 312 ) (328 0 312 ) 
4 43 45 (344 0 312 ) (344 32 312 ) (328 32 328 ) (328 16 328 ) 
5 43 46 (328 32 176 ) (328 0 176 ) (328 0 312 ) (328 16 328 ) (328 32 328 ) 
3 43 44 (344 0 312 ) (328 16 328 ) (328 0 312 ) 
3 44 109 (344 0 312 ) (328 0 328 ) (328 0 312 ) 
3 44 45 (344 0 312 ) (328 16 328 ) (328 0 328 ) 
3 44 46 (328 0 312 ) (328 0 328 ) (328 16 328 ) 
4 45 110 (344 0 312 ) (344 0 480 ) (328 0 480 ) (328 0 328 ) 
4 45 46 (328 0 328 ) (328 0 480 ) (328 32 480 ) (328 32 328 ) 
4 46 111 (320 0 480 ) (320 0 176 ) (328 0 176 ) (328 0 480 ) 
4 46 51 (320 0 176 ) (320 0 480 ) (320 32 480 ) (320 32 176 ) 
4 47 117 (352 0 0 ) (352 0 32 ) (320 0 32 ) (320 0 0 ) 
4 47 52 (320 0 0 ) (320 0 32 ) (320 352 32 ) (320 352 0 ) 
4 48 118 (320 0 512 ) (320 0 544 ) (0 0 544 ) (0 0 512 ) 
4 48 80 (0 0 512 ) (0 0 544 ) (0 368 544 ) (0 368 512 ) 
4 48 51 (0 0 512 ) (0 368 512 ) (320 368 512 ) (320 0 512 ) 
4 49 51 (152 368 127 ) (232 368 127 ) (232 368 512 ) (152 368 512 ) 
4 50 51 (24 368 127 ) (104 368 127 ) (104 368 512 ) (24 368 512 ) 
4 51 118 (320 0 127 ) (320 0 512 ) (0 0 512 ) (0 0 127 ) 
4 51 86 (0 0 127 ) (0 0 512 ) (0 368 512 ) (0 368 127 ) 
4 51 52 (320 368 127 ) (320 0 127 ) (0 0 127 ) (0 368 127 ) 
4 52 118 (320 0 0 ) (320 0 127 ) (0 0 127 ) (0 0 0 ) 
4 52 93 (0 0 0 ) (0 0 127 ) (0 368 127 ) (0 368 0 ) 
4 53 69 (-480 448 200 ) (-480 448 32 ) (-416 448 32 ) (-416 448 200 ) 
4 53 66 (-480 448 480 ) (-480 448 200 ) (-416 448 200 ) (-416 448 480 ) 
4 53 62 (-352 448 480 ) (-352 448 32 ) (-288 448 32 ) (-288 448 480 ) 
4 53 61 (-224 448 200 ) (-224 448 32 ) (-160 448 32 ) (-160 448 200 ) 
4 53 58 (-224 448 480 ) (-224 448 200 ) (-160 448 200 ) (-160 448 480 ) 
4 53 57 (-96 448 200 ) (-96 448 32 ) (-32 448 32 ) (-32 448 200 ) 
4 53 54 (-96 448 480 ) (-96 448 200 ) (-32 448 200 ) (-32 448 480 ) 
4 54 57 (-96 416 200 ) (-96 448 200 ) (-32 448 200 ) (-32 416 200 ) 
4 54 55 (-96 408 200 ) (-32 408 200 ) (-32 408 480 ) (-96 408 480 ) 
4 55 56 (-96 392 200 ) (-32 392 200 ) (-32 392 480 ) (-96 392 480 ) 
4 56 82 (-96 384 480 ) (-96 384 200 ) (-32 384 200 ) (-32 384 480 ) 
4 58 61 (-224 416 200 ) (-224 448 200 ) (-160 448 200 ) (-160 416 200 ) 
4 58 59 (-224 408 200 ) (-160 408 200 ) (-160 408 480 ) (-224 408 480 ) 
4 59 60 (-224 392 200 ) (-160 392 200 ) (-160 392 480 ) (-224 392 480 ) 
4 60 83 (-224 384 480 ) (-224 384 200 ) (-160 384 200 ) (-160 384 480 ) 
4 62 63 (-288 416 200 ) (-288 416 480 ) (-352 416 480 ) (-352 416 200 ) 
4 63 64 (-352 408 200 ) (-288 408 200 ) (-288 408 480 ) (-352 408 480 ) 
4 64 65 (-352 392 200 ) (-288 392 200 ) (-288 392 480 ) (-352 392 480 ) 
4 65 84 (-352 384 480 ) (-352 384 200 ) (-288 384 200 ) (-288 384 480 ) 
4 66 69 (-480 416 200 ) (-480 448 200 ) (-416 448 200 ) (-416 416 200 ) 
4 66 67 (-480 408 200 ) (-416 408 200 ) (-416 408 480 ) (-480 408 480 ) 
4 67 68 (-480 392 200 ) (-416 392 200 ) (-416 392 480 ) (-480 392 480 ) 
4 68 85 (-480 384 480 ) (-480 384 200 ) (-416 384 200 ) (-416 384 480 ) 
4 70 74 (-736 432 128 ) (-736 424 128 ) (-736 424 544 ) (-736 432 544 ) 
4 70 72 (-736 424 224 ) (-736 424 128 ) (-544 424 128 ) (-544 424 224 ) 
4 70 71 (-736 424 544 ) (-736 424 224 ) (-544 424 224 ) (-544 424 544 ) 
4 71 88 (-544 384 224 ) (-544 384 512 ) (-736 384 512 ) (-736 384 224 ) 
4 71 81 (-544 384 512 ) (-544 384 544 ) (-736 384 544 ) (-736 384 512 ) 
4 71 75 (-736 384 224 ) (-736 384 544 ) (-736 416 544 ) (-736 416 224 ) 
4 71 74 (-736 416 544 ) (-736 424 544 ) (-736 424 224 ) (-736 416 224 ) 
4 71 73 (-736 384 224 ) (-736 416 224 ) (-544 416 224 ) (-544 384 224 ) 
4 71 72 (-736 416 224 ) (-736 424 224 ) (-544 424 224 ) (-544 416 224 ) 
4 72 74 (-736 424 128 ) (-736 416 128 ) (-736 416 224 ) (-736 424 224 ) 
4 72 73 (-544 416 224 ) (-736 416 224 ) (-736 416 128 ) (-544 416 128 ) 
4 73 89 (-736 384 128 ) (-544 384 128 ) (-544 384 224 ) (-736 384 224 ) 
4 73 78 (-544 398 128 ) (-544 384 128 ) (-718 384 128 ) (-718 398 128 ) 
4 73 76 (-736 416 128 ) (-736 384 128 ) (-736 384 224 ) (-736 416 224 ) 
4 74 76 (-744 416 224 ) (-744 416 128 ) (-736 416 128 ) (-736 416 224 ) 
4 74 75 (-744 416 544 ) (-744 416 224 ) (-736 416 224 ) (-736 416 544 ) 
4 74 77 (-744 432 128 ) (-744 416 128 ) (-744 416 544 ) (-744 432 544 ) 
4 75 88 (-736 384 224 ) (-736 384 512 ) (-744 384 512 ) (-744 384 224 ) 
4 75 81 (-736 384 512 ) (-736 384 544 ) (-744 384 544 ) (-744 384 512 ) 
4 75 77 (-744 384 224 ) (-744 384 544 ) (-744 416 544 ) (-744 416 224 ) 
4 75 76 (-744 384 224 ) (-744 416 224 ) (-736 416 224 ) (-736 384 224 ) 
4 76 90 (-744 384 128 ) (-736 384 128 ) (-736 384 224 ) (-744 384 224 ) 
4 76 77 (-744 416 128 ) (-744 384 128 ) (-744 384 224 ) (-744 416 224 ) 
4 77 91 (-752 384 128 ) (-744 384 128 ) (-744 384 512 ) (-752 384 512 ) 
4 77 81 (-744 384 512 ) (-744 384 544 ) (-752 384 544 ) (-752 384 512 ) 
4 78 94 (-544 384 112 ) (-544 384 127 ) (-718 384 127 ) (-718 384 112 ) 
4 78 92 (-544 384 127 ) (-544 384 128 ) (-718 384 128 ) (-718 384 127 ) 
4 78 79 (-544 398 112 ) (-544 384 112 ) (-718 384 112 ) (-718 398 112 ) 
4 79 95 (-720 384 0 ) (-544 384 0 ) (-544 384 112 ) (-720 384 112 ) 
4 80 142 (-512 0 544 ) (-544 0 544 ) (-544 0 512 ) (-512 0 512 ) 
4 80 140 (0 0 512 ) (0 0 544 ) (-512 0 544 ) (-512 0 512 ) 
4 80 87 (-496 0 512 ) (-544 0 512 ) (-544 368 512 ) (-496 368 512 ) 
4 80 86 (0 0 512 ) (-496 0 512 ) (-496 368 512 ) (0 368 512 ) 
4 80 81 (-544 368 512 ) (-544 0 512 ) (-544 0 544 ) (-544 368 544 ) 
4 81 142 (-544 0 544 ) (-752 0 544 ) (-752 0 512 ) (-544 0 512 ) 
4 81 88 (-544 0 512 ) (-744 0 512 ) (-744 384 512 ) (-544 384 512 ) 
4 81 91 (-744 0 512 ) (-752 0 512 ) (-752 384 512 ) (-744 384 512 ) 
4 82 86 (-104 368 127 ) (-24 368 127 ) (-24 368 512 ) (-104 368 512 ) 
4 83 86 (-232 368 127 ) (-152 368 127 ) (-152 368 512 ) (-232 368 512 ) 
4 84 86 (-360 368 127 ) (-280 368 127 ) (-280 368 512 ) (-360 368 512 ) 
4 85 86 (-496 368 512 ) (-496 368 127 ) (-408 368 127 ) (-408 368 512 ) 
4 86 140 (0 0 127 ) (0 0 512 ) (-496 0 512 ) (-496 0 127 ) 
4 86 93 (0 368 127 ) (0 0 127 ) (-496 0 127 ) (-496 368 127 ) 
4 86 87 (-496 368 127 ) (-496 0 127 ) (-496 0 512 ) (-496 368 512 ) 
4 87 146 (-544 0 128 ) (-544 0 127 ) (-512 0 127 ) (-512 0 128 ) 
4 87 143 (-544 0 224 ) (-544 0 128 ) (-512 0 128 ) (-512 0 224 ) 
4 87 142 (-512 0 512 ) (-544 0 512 ) (-544 0 224 ) (-512 0 224 ) 
4 87 140 (-496 0 512 ) (-512 0 512 ) (-512 0 127 ) (-496 0 127 ) 
4 87 93 (-496 368 127 ) (-496 0 127 ) (-544 0 127 ) (-544 368 127 ) 
4 87 92 (-544 368 127 ) (-544 0 127 ) (-544 0 128 ) (-544 368 128 ) 
4 87 89 (-544 0 128 ) (-544 0 224 ) (-544 368 224 ) (-544 368 128 ) 
4 87 88 (-544 0 224 ) (-544 0 512 ) (-544 368 512 ) (-544 368 224 ) 
4 88 142 (-544 0 512 ) (-744 0 512 ) (-744 0 224 ) (-544 0 224 ) 
4 88 90 (-744 0 224 ) (-744 384 224 ) (-736 384 224 ) (-736 0 224 ) 
4 88 89 (-736 384 224 ) (-544 384 224 ) (-544 0 224 ) (-736 0 224 ) 
4 88 91 (-744 0 224 ) (-744 0 512 ) (-744 384 512 ) (-744 384 224 ) 
4 89 143 (-736 0 128 ) (-544 0 128 ) (-544 0 224 ) (-736 0 224 ) 
4 89 92 (-718 384 128 ) (-544 384 128 ) (-544 0 128 ) (-718 0 128 ) 
4 89 90 (-736 384 128 ) (-736 0 128 ) (-736 0 224 ) (-736 384 224 ) 
4 90 144 (-744 0 224 ) (-744 0 128 ) (-736 0 128 ) (-736 0 224 ) 
4 90 91 (-744 384 128 ) (-744 0 128 ) (-744 0 224 ) (-744 384 224 ) 
4 91 145 (-752 0 224 ) (-752 0 128 ) (-744 0 128 ) (-744 0 224 ) 
4 91 142 (-744 0 512 ) (-752 0 512 ) (-752 0 224 ) (-744 0 224 ) 
4 92 146 (-718 0 127 ) (-544 0 127 ) (-544 0 128 ) (-718 0 128 ) 
4 92 94 (-718 384 127 ) (-544 384 127 ) (-544 0 127 ) (-718 0 127 ) 
4 93 147 (-544 0 112 ) (-544 0 0 ) (-512 0 0 ) (-512 0 112 ) 
4 93 146 (-512 0 127 ) (-544 0 127 ) (-544 0 112 ) (-512 0 112 ) 
4 93 140 (0 0 0 ) (0 0 127 ) (-512 0 127 ) (-512 0 0 ) 
4 93 95 (-544 368 0 ) (-544 0 0 ) (-544 0 112 ) (-544 368 112 ) 
4 93 94 (-544 0 112 ) (-544 0 127 ) (-544 368 127 ) (-544 368 112 ) 
4 94 146 (-544 0 127 ) (-718 0 127 ) (-718 0 112 ) (-544 0 112 ) 
4 94 95 (-718 384 112 ) (-544 384 112 ) (-544 0 112 ) (-718 0 112 ) 
4 95 147 (-720 0 0 ) (-544 0 0 ) (-544 0 112 ) (-720 0 112 ) 
4 96 97 (1024 0 304 ) (1024 0 144 ) (1024 -32 144 ) (1024 -32 304 ) 
4 97 100 (928 0 252 ) (928 0 144 ) (928 -16 144 ) (928 -16 252 ) 
4 97 98 (928 0 267 ) (928 0 252 ) (928 -16 252 ) (928 -16 267 ) 
4 98 100 (928 -16 252 ) (920 -16 252 ) (920 0 252 ) (928 0 252 ) 
4 99 102 (896 0 267 ) (896 0 252 ) (896 -16 252 ) (896 -16 267 ) 
4 99 101 (904 -16 252 ) (896 -16 252 ) (896 0 252 ) (904 0 252 ) 
4 101 102 (896 0 252 ) (896 0 144 ) (896 -16 144 ) (896 -16 252 ) 
4 102 119 (692 -224 186 ) (692 -224 144 ) (732 -224 144 ) (732 -224 186 ) 
4 102 103 (640 -224 144 ) (640 -224 512 ) (640 0 512 ) (640 0 144 ) 
4 103 122 (592 -224 140.279999 ) (432 -224 140.279999 ) (432 -224 140 ) (592 -224 140 ) 
4 103 115 (384 -96 140 ) (384 -160 140 ) (384 -160 176 ) (384 -96 176 ) 
4 103 112 (384 -96 480 ) (384 -96 176 ) (384 -160 176 ) (384 -160 480 ) 
4 103 105 (384 0 480 ) (384 0 140 ) (384 -32 140 ) (384 -32 480 ) 
4 103 104 (384 -224 140 ) (384 0 140 ) (640 0 140 ) (640 -224 140 ) 
4 104 122 (592 -224 140 ) (432 -224 140 ) (432 -224 32 ) (592 -224 32 ) 
4 104 116 (384 -96 32 ) (384 -160 32 ) (384 -160 140 ) (384 -96 140 ) 
4 104 106 (384 0 140 ) (384 0 32 ) (384 -32 32 ) (384 -32 140 ) 
4 105 107 (352 -32 176 ) (352 -32 480 ) (352 0 480 ) (352 0 176 ) 
4 105 106 (384 -32 140 ) (352 -32 140 ) (352 0 140 ) (384 0 140 ) 
3 107 109 (344 -32 280 ) (344 -32 312 ) (344 0 312 ) 
4 107 108 (344 0 176 ) (344 -32 176 ) (344 -32 280 ) (344 0 312 ) 
4 107 110 (344 -32 312 ) (344 -32 480 ) (344 0 480 ) (344 0 312 ) 
4 108 111 (328 0 176 ) (328 -32 176 ) (328 -32 280 ) (328 0 312 ) 
4 108 109 (344 -32 280 ) (344 0 312 ) (328 0 312 ) (328 -32 280 ) 
4 109 110 (344 -32 312 ) (344 0 312 ) (328 0 328 ) (328 -32 328 ) 
4 109 111 (328 -32 280 ) (328 -32 328 ) (328 0 328 ) (328 0 312 ) 
4 110 111 (328 -32 328 ) (328 -32 480 ) (328 0 480 ) (328 0 328 ) 
4 111 118 (320 0 480 ) (320 0 176 ) (320 -32 176 ) (320 -32 480 ) 
4 112 115 (352 -96 176 ) (384 -96 176 ) (384 -160 176 ) (352 -160 176 ) 
4 112 113 (344 -96 176 ) (344 -160 176 ) (344 -160 480 ) (344 -96 480 ) 
4 113 114 (328 -96 176 ) (328 -160 176 ) (328 -160 480 ) (328 -96 480 ) 
4 114 118 (320 -96 480 ) (320 -96 176 ) (320 -160 176 ) (320 -160 480 ) 
4 115 116 (384 -160 140 ) (352 -160 140 ) (352 -96 140 ) (384 -96 140 ) 
4 117 118 (320 -224 0 ) (320 -224 32 ) (320 0 32 ) (320 0 0 ) 
4 118 140 (0 0 544 ) (0 0 0 ) (0 -224 0 ) (0 -224 544 ) 
4 118 125 (0 -224 140.279999 ) (0 -224 0 ) (224 -224 0 ) (224 -224 140.279999 ) 
4 118 121 (0 -224 544 ) (0 -224 140.279999 ) (224 -224 140.279999 ) (224 -224 544 ) 
4 118 120 (320 -224 304 ) (320 -224 544 ) (224 -224 544 ) (224 -224 304 ) 
4 119 128 (692 -256 186 ) (692 -256 144 ) (732 -256 144 ) (732 -256 186 ) 
4 120 127 (224 -256 544 ) (224 -256 304 ) (320 -256 304 ) (320 -256 544 ) 
4 120 121 (224 -224 544 ) (224 -224 304 ) (224 -256 304 ) (224 -256 544 ) 
4 121 140 (0 -256 140.279999 ) (0 -256 544 ) (0 -224 544 ) (0 -224 140.279999 ) 
4 121 135 (0 -256 544 ) (0 -256 256 ) (224 -256 256 ) (224 -256 544 ) 
4 121 125 (224 -256 140.279999 ) (0 -256 140.279999 ) (0 -224 140.279999 ) (224 -224 140.279999 ) 
4 122 123 (464 -232 32 ) (560.017029 -232 32 ) (560.017029 -232 140.279999 ) (464 -232 140.279999 ) 
4 123 124 (464 -248 32 ) (560.017029 -248 32 ) (560.017029 -248 140.279999 ) (464 -248 140.279999 ) 
4 124 133 (528 -256 128 ) (496 -256 128 ) (496 -256 32 ) (528 -256 32 ) 
4 124 132 (592 -256 32 ) (592 -256 128 ) (528 -256 128 ) (528 -256 32 ) 
4 124 134 (496 -256 128 ) (432 -256 128 ) (432 -256 32 ) (496 -256 32 ) 
4 124 129 (530 -256 140.279999 ) (494 -256 140.279999 ) (494 -256 128 ) (530 -256 128 ) 
4 124 128 (592 -256 128 ) (592 -256 140.279999 ) (530 -256 140.279999 ) (530 -256 128 ) 
4 124 131 (494 -256 140.279999 ) (432 -256 140.279999 ) (432 -256 128 ) (494 -256 128 ) 
4 125 140 (0 -256 0 ) (0 -256 140.279999 ) (0 -224 140.279999 ) (0 -224 0 ) 
4 126 127 (320 -512 304 ) (320 -512 544 ) (320 -256 544 ) (320 -256 304 ) 
4 127 135 (224 -256 544 ) (224 -256 304 ) (224 -512 304 ) (224 -512 544 ) 
4 128 148 (768 -1024 256 ) (530 -1024 256 ) (530 -1024 128 ) (768 -1024 128 ) 
4 128 132 (530 -256 128 ) (768 -256 128 ) (768 -1024 128 ) (530 -1024 128 ) 
4 128 130 (530 -1024 132 ) (530 -1024 256 ) (530 -382 256 ) (530 -382 132 ) 
4 128 129 (530 -256 128 ) (530 -382 128 ) (530 -382 256 ) (530 -256 256 ) 
4 129 133 (496 -256 128 ) (528 -256 128 ) (528 -382 128 ) (496 -382 128 ) 
4 129 132 (528 -256 128 ) (530 -256 128 ) (530 -382 128 ) (528 -382 128 ) 
4 129 134 (494 -256 128 ) (496 -256 128 ) (496 -382 128 ) (494 -382 128 ) 
4 129 130 (494 -382 256 ) (494 -382 132 ) (530 -382 132 ) (530 -382 256 ) 
4 129 131 (494 -256 128 ) (494 -382 128 ) (494 -382 256 ) (494 -256 256 ) 
4 130 149 (530 -1024 256 ) (494 -1024 256 ) (494 -1024 132 ) (530 -1024 132 ) 
4 130 131 (494 -1024 132 ) (494 -1024 256 ) (494 -382 256 ) (494 -382 132 ) 
4 131 151 (494 -1024 256 ) (256 -1024 256 ) (256 -1024 128 ) (494 -1024 128 ) 
4 131 134 (256 -1024 128 ) (256 -256 128 ) (494 -256 128 ) (494 -1024 128 ) 
4 132 152 (528 -1024 32 ) (768 -1024 32 ) (768 -1024 128 ) (528 -1024 128 ) 
4 132 139 (768 -383.994019 32 ) (768 -736 32 ) (640.002014 -736 32 ) (640.002014 -384 32 ) 
4 132 136 (768 -768 32 ) (768 -1024 32 ) (640.002014 -1024 32 ) (640.002014 -768 32 ) 
4 132 133 (528 -256 32 ) (528 -384 32 ) (528 -384 128 ) (528 -256 128 ) 
4 133 134 (496 -256 32 ) (496 -384 32 ) (496 -384 128 ) (496 -256 128 ) 
3 134 155 (384 -1024 32 ) (496 -1024 32 ) (496 -1024 60 ) 
5 134 154 (256 -1024 128 ) (256 -1024 32 ) (384 -1024 32 ) (496 -1024 60 ) (496 -1024 128 ) 
4 134 138 (384 -384.012054 32 ) (384 -736 32 ) (256 -736 32 ) (256 -384.018005 32 ) 
4 134 137 (384 -1024 32 ) (256 -1024 32 ) (256 -768 32 ) (384 -768 32 ) 
4 135 141 (0 -512 544 ) (0 -256 544 ) (0 -256 256 ) (0 -512 256 ) 
4 136 153 (768 -1024 32 ) (640.002014 -1024 32 ) (704.002014 -1024 16 ) (768 -1024 16 ) 
4 137 154 (384 -1024 32 ) (256 -1024 32 ) (256 -1024 16 ) (320 -1024 16 ) 
4 140 147 (-512 0 0 ) (-512 -256 0 ) (-512 -256 112 ) (-512 0 112 ) 
4 140 146 (-512 -256 112 ) (-512 -256 128 ) (-512 0 128 ) (-512 0 112 ) 
4 140 143 (-512 -256 128 ) (-512 -256 224 ) (-512 0 224 ) (-512 0 128 ) 
4 140 142 (-512 -256 224 ) (-512 -256 544 ) (-512 0 544 ) (-512 0 224 ) 
4 140 141 (0 -256 544 ) (-512 -256 544 ) (-512 -256 256 ) (0 -256 256 ) 
4 141 142 (-512 -512 256 ) (-512 -512 544 ) (-512 -256 544 ) (-512 -256 256 ) 
4 142 144 (-744 0 224 ) (-736 0 224 ) (-736 -512 224 ) (-744 -512 224 ) 
4 142 143 (-736 0 224 ) (-512 0 224 ) (-512 -512 224 ) (-736 -512 224 ) 
4 142 145 (-752 -512 224 ) (-752 0 224 ) (-744 0 224 ) (-744 -512 224 ) 
4 143 146 (-718 0 128 ) (-512 0 128 ) (-512 -512 128 ) (-718 -512 128 ) 
4 143 144 (-736 0 128 ) (-736 -512 128 ) (-736 -512 224 ) (-736 0 224 ) 
4 144 145 (-744 0 128 ) (-744 -512 128 ) (-744 -512 224 ) (-744 0 224 ) 
4 146 147 (-718 0 112 ) (-512 0 112 ) (-512 -512 112 ) (-718 -512 112 ) 
4 148 156 (768 -1120 128 ) (768 -1248 128 ) (530 -1248 128 ) (530 -1120 128 ) 
4 148 152 (530 -1024 128 ) (768 -1024 128 ) (768 -1120 128 ) (530 -1120 128 ) 
4 148 149 (530 -1122 132 ) (530 -1122 256 ) (530 -1024 256 ) (530 -1024 132 ) 
4 148 150 (530 -1122 128 ) (530 -1248 128 ) (530 -1248 256 ) (530 -1122 256 ) 
4 149 150 (494 -1122 256 ) (494 -1122 132 ) (530 -1122 132 ) (530 -1122 256 ) 
4 149 151 (494 -1122 132 ) (494 -1122 256 ) (494 -1024 256 ) (494 -1024 132 ) 
4 150 156 (530 -1122 128 ) (530 -1248 128 ) (494 -1248 128 ) (494 -1122 128 ) 
4 150 151 (494 -1122 128 ) (494 -1248 128 ) (494 -1248 256 ) (494 -1122 256 ) 
4 151 156 (256 -1248 128 ) (256 -1120 128 ) (494 -1120 128 ) (494 -1248 128 ) 
4 151 154 (256 -1120 128 ) (256 -1024 128 ) (494 -1024 128 ) (494 -1120 128 ) 
4 152 156 (768 -1120 32 ) (768 -1120 128 ) (528 -1120 128 ) (528 -1120 32 ) 
4 152 153 (768 -1120 32 ) (640.002014 -1120 32 ) (640.002014 -1024 32 ) (768 -1024 32 ) 
5 154 156 (496 -1120 128 ) (256 -1120 128 ) (256 -1120 32.012047 ) (384.034790 -1120 32.008698 ) (496 -1120 60 ) 
5 154 155 (496 -1024 60 ) (496 -1120 60 ) (384.034790 -1120 32.008698 ) (384 -1119.973877 32 ) (384 -1024 32 ) 
3 155 156 (496 -1120 32 ) (496 -1120 60 ) (384 -1120 32 ) 
