PRT1
81
166
4 0 30 (896 0 144 ) (896 0 512 ) (640 0 512 ) (640 0 144 ) 
4 0 1 (640 352 512 ) (640 352 144 ) (640 0 144 ) (640 0 512 ) 
4 1 31 (640 0 32 ) (640 0 512 ) (384 0 512 ) (384 0 32 ) 
4 1 10 (384 32 32 ) (384 0 32 ) (384 0 480 ) (384 32 480 ) 
4 1 9 (384 160 32 ) (384 96 32 ) (384 96 176 ) (384 160 176 ) 
4 1 6 (384 96 176 ) (384 96 480 ) (384 160 480 ) (384 160 176 ) 
4 1 5 (384 288 32 ) (384 224 32 ) (384 224 176 ) (384 288 176 ) 
4 1 2 (384 224 176 ) (384 224 480 ) (384 288 480 ) (384 288 176 ) 
4 2 5 (384 224 176 ) (352 224 176 ) (352 288 176 ) (384 288 176 ) 
4 2 3 (344 288 176 ) (344 224 176 ) (344 224 480 ) (344 288 480 ) 
4 3 4 (328 288 176 ) (328 224 176 ) (328 224 480 ) (328 288 480 ) 
4 4 17 (320 288 480 ) (320 288 176 ) (320 224 176 ) (320 224 480 ) 
4 6 9 (384 96 176 ) (352 96 176 ) (352 160 176 ) (384 160 176 ) 
4 6 7 (344 160 176 ) (344 96 176 ) (344 96 480 ) (344 160 480 ) 
4 7 8 (328 160 176 ) (328 96 176 ) (328 96 480 ) (328 160 480 ) 
4 8 17 (320 160 480 ) (320 160 176 ) (320 96 176 ) (320 96 480 ) 
4 10 32 (384 0 32 ) (384 0 480 ) (352 0 480 ) (352 0 32 ) 
4 10 11 (352 0 480 ) (352 32 480 ) (352 32 176 ) (352 0 176 ) 
4 11 33 (352 0 480 ) (344 0 480 ) (344 0 176 ) (352 0 176 ) 
4 11 12 (344 32 176 ) (344 0 176 ) (344 0 312 ) (344 32 312 ) 
4 11 14 (344 0 312 ) (344 0 480 ) (344 32 480 ) (344 32 312 ) 
4 12 34 (328 0 312 ) (328 0 176 ) (344 0 176 ) (344 0 312 ) 
4 12 14 (344 0 312 ) (344 32 312 ) (328 32 328 ) (328 16 328 ) 
5 12 15 (328 32 176 ) (328 0 176 ) (328 0 312 ) (328 16 328 ) (328 32 328 ) 
3 12 13 (344 0 312 ) (328 16 328 ) (328 0 312 ) 
3 13 35 (328 0 328 ) (328 0 312 ) (344 0 312 ) 
3 13 14 (344 0 312 ) (328 16 328 ) (328 0 328 ) 
3 13 15 (328 0 312 ) (328 0 328 ) (328 16 328 ) 
4 14 36 (344 0 480 ) (328 0 480 ) (328 0 328 ) (344 0 312 ) 
4 14 15 (328 0 328 ) (328 0 480 ) (328 32 480 ) (328 32 328 ) 
4 15 37 (328 0 480 ) (320 0 480 ) (320 0 176 ) (328 0 176 ) 
4 15 17 (320 0 176 ) (320 0 480 ) (320 32 480 ) (320 32 176 ) 
4 16 42 (352 0 0 ) (352 0 32 ) (320 0 32 ) (320 0 0 ) 
4 16 17 (320 0 0 ) (320 0 32 ) (320 352 32 ) (320 352 0 ) 
4 17 43 (320 0 0 ) (320 0 544 ) (0 0 544 ) (0 0 0 ) 
4 17 27 (0 0 0 ) (0 0 128 ) (0 384 128 ) (0 384 0 ) 
4 17 18 (0 0 128 ) (0 0 544 ) (0 384 544 ) (0 384 128 ) 
4 18 66 (0 0 128 ) (0 0 224 ) (-256 0 224 ) (-256 0 128 ) 
4 18 65 (0 0 224 ) (0 0 544 ) (-256 0 544 ) (-256 0 224 ) 
4 18 27 (0 0 128 ) (-256 0 128 ) (-256 384 128 ) (0 384 128 ) 
4 18 22 (-256 384 128 ) (-256 0 128 ) (-256 0 224 ) (-256 384 224 ) 
4 18 20 (-256 0 224 ) (-256 0 544 ) (-256 384 544 ) (-256 384 224 ) 
4 19 23 (-496 432 128 ) (-496 424 128 ) (-496 424 544 ) (-496 432 544 ) 
4 19 21 (-496 424 224 ) (-496 424 128 ) (-256 424 128 ) (-256 424 224 ) 
4 19 20 (-496 424 544 ) (-496 424 224 ) (-256 424 224 ) (-256 424 544 ) 
4 20 65 (-256 0 544 ) (-496 0 544 ) (-496 0 224 ) (-256 0 224 ) 
4 20 24 (-496 0 224 ) (-496 0 544 ) (-496 416 544 ) (-496 416 224 ) 
4 20 23 (-496 416 544 ) (-496 424 544 ) (-496 424 224 ) (-496 416 224 ) 
4 20 22 (-496 0 224 ) (-496 416 224 ) (-256 416 224 ) (-256 0 224 ) 
4 20 21 (-496 416 224 ) (-496 424 224 ) (-256 424 224 ) (-256 416 224 ) 
4 21 23 (-496 424 128 ) (-496 416 128 ) (-496 416 224 ) (-496 424 224 ) 
4 21 22 (-256 416 128 ) (-256 416 224 ) (-496 416 224 ) (-496 416 128 ) 
4 22 66 (-496 0 224 ) (-496 0 128 ) (-256 0 128 ) (-256 0 224 ) 
4 22 28 (-256 0 128 ) (-478 0 128 ) (-478 398 128 ) (-256 398 128 ) 
4 22 25 (-496 416 128 ) (-496 0 128 ) (-496 0 224 ) (-496 416 224 ) 
4 23 25 (-504 416 128 ) (-496 416 128 ) (-496 416 224 ) (-504 416 224 ) 
4 23 24 (-496 416 224 ) (-496 416 544 ) (-504 416 544 ) (-504 416 224 ) 
4 23 26 (-512 416 128 ) (-504 416 128 ) (-504 416 544 ) (-512 416 544 ) 
4 24 65 (-496 0 544 ) (-504 0 544 ) (-504 0 224 ) (-496 0 224 ) 
4 24 26 (-504 416 544 ) (-504 416 224 ) (-504 0 224 ) (-504 0 544 ) 
4 24 25 (-504 0 224 ) (-504 416 224 ) (-496 416 224 ) (-496 0 224 ) 
4 25 67 (-504 0 224 ) (-504 0 128 ) (-496 0 128 ) (-496 0 224 ) 
4 25 26 (-504 416 224 ) (-504 416 128 ) (-504 0 128 ) (-504 0 224 ) 
4 26 68 (-504 0 544 ) (-512 0 544 ) (-512 0 128 ) (-504 0 128 ) 
4 27 70 (0 0 0 ) (0 0 112 ) (-256 0 112 ) (-256 0 0 ) 
4 27 69 (0 0 112 ) (0 0 128 ) (-256 0 128 ) (-256 0 112 ) 
4 27 29 (-256 384 0 ) (-256 0 0 ) (-256 0 112 ) (-256 384 112 ) 
4 27 28 (-256 0 112 ) (-256 0 128 ) (-256 384 128 ) (-256 384 112 ) 
4 28 69 (-256 0 128 ) (-478 0 128 ) (-478 0 112 ) (-256 0 112 ) 
4 28 29 (-256 398 112 ) (-256 0 112 ) (-478 0 112 ) (-478 398 112 ) 
4 29 70 (-480 0 0 ) (-256 0 0 ) (-256 0 112 ) (-480 0 112 ) 
4 30 44 (700 -224 184 ) (700 -224 144 ) (740 -224 144 ) (740 -224 184 ) 
4 30 31 (640 0 512 ) (640 0 144 ) (640 -224 144 ) (640 -224 512 ) 
4 31 45 (432 -224 140.279999 ) (432 -224 32 ) (592 -224 32 ) (592 -224 140.279999 ) 
4 31 41 (384 -96 32 ) (384 -160 32 ) (384 -160 176 ) (384 -96 176 ) 
4 31 38 (384 -160 176 ) (384 -160 480 ) (384 -96 480 ) (384 -96 176 ) 
4 31 32 (384 0 480 ) (384 0 32 ) (384 -32 32 ) (384 -32 480 ) 
4 32 33 (352 -32 176 ) (352 -32 480 ) (352 0 480 ) (352 0 176 ) 
3 33 35 (344 -32 280 ) (344 -32 312 ) (344 0 312 ) 
4 33 34 (344 0 176 ) (344 -32 176 ) (344 -32 280 ) (344 0 312 ) 
4 33 36 (344 -32 312 ) (344 -32 480 ) (344 0 480 ) (344 0 312 ) 
4 34 37 (328 0 176 ) (328 -32 176 ) (328 -32 280 ) (328 0 312 ) 
4 34 35 (344 -32 280 ) (344 0 312 ) (328 0 312 ) (328 -32 280 ) 
4 35 36 (344 -32 312 ) (344 0 312 ) (328 0 328 ) (328 -32 328 ) 
4 35 37 (328 -32 280 ) (328 -32 328 ) (328 0 328 ) (328 0 312 ) 
4 36 37 (328 -32 328 ) (328 -32 480 ) (328 0 480 ) (328 0 328 ) 
4 37 43 (320 0 480 ) (320 0 176 ) (320 -32 176 ) (320 -32 480 ) 
4 38 41 (384 -160 176 ) (352 -160 176 ) (352 -96 176 ) (384 -96 176 ) 
4 38 39 (344 -96 176 ) (344 -160 176 ) (344 -160 480 ) (344 -96 480 ) 
4 39 40 (328 -96 176 ) (328 -160 176 ) (328 -160 480 ) (328 -96 480 ) 
4 40 43 (320 -96 480 ) (320 -96 176 ) (320 -160 176 ) (320 -160 480 ) 
4 42 43 (320 -224 0 ) (320 -224 32 ) (320 0 32 ) (320 0 0 ) 
4 43 70 (0 0 112 ) (0 0 0 ) (0 -224 0 ) (0 -224 112 ) 
4 43 69 (0 0 128 ) (0 0 112 ) (0 -224 112 ) (0 -224 128 ) 
4 43 66 (0 0 224 ) (0 0 128 ) (0 -224 128 ) (0 -224 224 ) 
4 43 65 (0 0 544 ) (0 0 224 ) (0 -224 224 ) (0 -224 544 ) 
4 43 50 (0 -224 544 ) (0 -224 0 ) (224 -224 0 ) (224 -224 544 ) 
4 43 49 (320 -224 304 ) (320 -224 544 ) (224 -224 544 ) (224 -224 304 ) 
4 44 53 (740 -256 140.279999 ) (740 -256 184 ) (700 -256 184 ) (700 -256 140.279999 ) 
4 45 46 (464 -232 32 ) (560.017029 -232 32 ) (560.017029 -232 140.279999 ) (464 -232 140.279999 ) 
4 46 47 (464 -236 140.279999 ) (464 -236 32 ) (560.017029 -236 32 ) (560.017029 -236 140.279999 ) 
4 47 48 (464 -248 32 ) (560.017029 -248 32 ) (560.017029 -248 140.279999 ) (464 -248 140.279999 ) 
4 48 58 (528 -256 128 ) (496 -256 128 ) (496 -256 32 ) (528 -256 32 ) 
4 48 57 (592 -256 32 ) (592 -256 128 ) (528 -256 128 ) (528 -256 32 ) 
4 48 59 (496 -256 128 ) (432 -256 128 ) (432 -256 32 ) (496 -256 32 ) 
4 48 54 (530 -256 140.279999 ) (494 -256 140.279999 ) (494 -256 128 ) (530 -256 128 ) 
4 48 53 (592 -256 128 ) (592 -256 140.279999 ) (530 -256 140.279999 ) (530 -256 128 ) 
4 48 56 (494 -256 140.279999 ) (432 -256 140.279999 ) (432 -256 128 ) (494 -256 128 ) 
4 49 52 (320 -256 304 ) (320 -256 544 ) (224 -256 544 ) (224 -256 304 ) 
4 49 50 (224 -224 544 ) (224 -224 304 ) (224 -256 304 ) (224 -256 544 ) 
4 50 70 (0 -256 0 ) (0 -256 112 ) (0 -224 112 ) (0 -224 0 ) 
4 50 69 (0 -256 112 ) (0 -256 128 ) (0 -224 128 ) (0 -224 112 ) 
4 50 66 (0 -256 128 ) (0 -256 224 ) (0 -224 224 ) (0 -224 128 ) 
4 50 65 (0 -256 224 ) (0 -256 544 ) (0 -224 544 ) (0 -224 224 ) 
4 50 60 (224 -256 256 ) (224 -256 544 ) (0 -256 544 ) (0 -256 256 ) 
4 51 52 (320 -512 304 ) (320 -512 544 ) (320 -256 544 ) (320 -256 304 ) 
4 52 60 (224 -256 544 ) (224 -256 304 ) (224 -512 304 ) (224 -512 544 ) 
4 53 72 (768 -1024 256 ) (530 -1024 256 ) (530 -1024 128 ) (768 -1024 128 ) 
4 53 57 (530 -256 128 ) (768 -256 128 ) (768 -1024 128 ) (530 -1024 128 ) 
4 53 55 (530 -1024 132 ) (530 -1024 256 ) (530 -382 256 ) (530 -382 132 ) 
4 53 54 (530 -256 128 ) (530 -382 128 ) (530 -382 256 ) (530 -256 256 ) 
4 54 58 (496 -256 128 ) (528 -256 128 ) (528 -382 128 ) (496 -382 128 ) 
4 54 57 (528 -256 128 ) (530 -256 128 ) (530 -382 128 ) (528 -382 128 ) 
4 54 59 (494 -256 128 ) (496 -256 128 ) (496 -382 128 ) (494 -382 128 ) 
4 54 55 (494 -382 256 ) (494 -382 132 ) (530 -382 132 ) (530 -382 256 ) 
4 54 56 (494 -256 128 ) (494 -382 128 ) (494 -382 256 ) (494 -256 256 ) 
4 55 73 (530 -1024 256 ) (494 -1024 256 ) (494 -1024 132 ) (530 -1024 132 ) 
4 55 56 (494 -1024 132 ) (494 -1024 256 ) (494 -382 256 ) (494 -382 132 ) 
4 56 75 (494 -1024 256 ) (256 -1024 256 ) (256 -1024 128 ) (494 -1024 128 ) 
4 56 59 (256 -1024 128 ) (256 -256 128 ) (494 -256 128 ) (494 -1024 128 ) 
4 57 76 (528 -1024 32 ) (768 -1024 32 ) (768 -1024 128 ) (528 -1024 128 ) 
4 57 64 (768 -383.994019 32 ) (768 -736 32 ) (640.002014 -736 32 ) (640.002014 -384 32 ) 
4 57 61 (768 -768 32 ) (768 -1024 32 ) (640.002014 -1024 32 ) (640.002014 -768 32 ) 
4 57 58 (528 -256 32 ) (528 -384 32 ) (528 -384 128 ) (528 -256 128 ) 
4 58 59 (496 -256 32 ) (496 -384 32 ) (496 -384 128 ) (496 -256 128 ) 
3 59 79 (384 -1024 32 ) (496 -1024 32 ) (496 -1024 60 ) 
5 59 78 (256 -1024 128 ) (256 -1024 32 ) (384 -1024 32 ) (496 -1024 60 ) (496 -1024 128 ) 
4 59 63 (384 -384.012054 32 ) (384 -736 32 ) (256 -736 32 ) (256 -384.018005 32 ) 
4 59 62 (384 -1024 32 ) (256 -1024 32 ) (256 -768 32 ) (384 -768 32 ) 
4 60 71 (0 -256 544 ) (0 -256 256 ) (0 -512 256 ) (0 -512 544 ) 
4 61 77 (768 -1024 32 ) (640.002014 -1024 32 ) (704.002014 -1024 16 ) (768 -1024 16 ) 
4 62 78 (384 -1024 32 ) (256 -1024 32 ) (256 -1024 16 ) (320 -1024 16 ) 
4 65 71 (0 -256 256 ) (0 -256 544 ) (-504 -256 544 ) (-504 -256 256 ) 
4 65 67 (-496 -256 224 ) (-504 -256 224 ) (-504 0 224 ) (-496 0 224 ) 
4 65 66 (0 -256 224 ) (-496 -256 224 ) (-496 0 224 ) (0 0 224 ) 
4 65 68 (-504 -256 224 ) (-504 -256 544 ) (-504 0 544 ) (-504 0 224 ) 
4 66 69 (0 -256 128 ) (-478 -256 128 ) (-478 0 128 ) (0 0 128 ) 
4 66 67 (-496 0 128 ) (-496 -256 128 ) (-496 -256 224 ) (-496 0 224 ) 
4 67 68 (-504 0 128 ) (-504 -256 128 ) (-504 -256 224 ) (-504 0 224 ) 
4 68 71 (-512 -256 544 ) (-512 -256 256 ) (-504 -256 256 ) (-504 -256 544 ) 
4 69 70 (0 -256 112 ) (-478 -256 112 ) (-478 0 112 ) (0 0 112 ) 
4 72 80 (768 -1120 128 ) (768 -1248 128 ) (530 -1248 128 ) (530 -1120 128 ) 
4 72 76 (530 -1024 128 ) (768 -1024 128 ) (768 -1120 128 ) (530 -1120 128 ) 
4 72 73 (530 -1122 132 ) (530 -1122 256 ) (530 -1024 256 ) (530 -1024 132 ) 
4 72 74 (530 -1122 128 ) (530 -1248 128 ) (530 -1248 256 ) (530 -1122 256 ) 
4 73 74 (494 -1122 256 ) (494 -1122 132 ) (530 -1122 132 ) (530 -1122 256 ) 
4 73 75 (494 -1122 132 ) (494 -1122 256 ) (494 -1024 256 ) (494 -1024 132 ) 
4 74 80 (530 -1122 128 ) (530 -1248 128 ) (494 -1248 128 ) (494 -1122 128 ) 
4 74 75 (494 -1122 128 ) (494 -1248 128 ) (494 -1248 256 ) (494 -1122 256 ) 
4 75 80 (256 -1248 128 ) (256 -1120 128 ) (494 -1120 128 ) (494 -1248 128 ) 
4 75 78 (256 -1120 128 ) (256 -1024 128 ) (494 -1024 128 ) (494 -1120 128 ) 
4 76 80 (768 -1120 32 ) (768 -1120 128 ) (528 -1120 128 ) (528 -1120 32 ) 
4 76 77 (768 -1120 32 ) (640.002014 -1120 32 ) (640.002014 -1024 32 ) (768 -1024 32 ) 
5 78 80 (496 -1120 128 ) (256 -1120 128 ) (256 -1120 32.012047 ) (384.034790 -1120 32.008698 ) (496 -1120 60 ) 
5 78 79 (496 -1024 60 ) (496 -1120 60 ) (384.034790 -1120 32.008698 ) (384 -1119.973877 32 ) (384 -1024 32 ) 
3 79 80 (496 -1120 32 ) (496 -1120 60 ) (384 -1120 32 ) 
